<?xml version="1.0" encoding="UTF-8"?>
<!-- Generated by org.testng.reporters.JUnitXMLReporter -->
<testsuite ignored="0" hostname="LAPTOP-5HE953J4" failures="0" tests="5" name="Default test" time="73.276" errors="0" timestamp="2024-07-13T17:56:59 IST">
  <testcase classname="project.TutorialNinjas" name="register" time="32.972"/>
  <testcase classname="project.TutorialNinjas" name="Logout" time="12.901"/>
  <testcase classname="project.TutorialNinjas" name="Login" time="7.4"/>
  <testcase classname="project.TutorialNinjas" name="Homepage" time="0.3"/>
  <testcase classname="project.TutorialNinjas" name="Search" time="7.288"/>
</testsuite> <!-- Default test -->
