<?xml version="1.0" encoding="UTF-8"?>
<testng-results ignored="0" total="5" passed="5" failed="0" skipped="0">
  <reporter-output>
  </reporter-output>
  <suite started-at="2024-07-13T17:55:46 IST" name="Default suite" finished-at="2024-07-13T17:56:59 IST" duration-ms="73276">
    <groups>
    </groups>
    <test started-at="2024-07-13T17:55:46 IST" name="Default test" finished-at="2024-07-13T17:56:59 IST" duration-ms="73276">
      <class name="project.TutorialNinjas">
        <test-method is-config="true" signature="setup()[pri:0, instance:project.TutorialNinjas@1ca3b418]" started-at="2024-07-13T17:55:46 IST" name="setup" finished-at="2024-07-13T17:55:57 IST" duration-ms="11351" status="PASS">
          <reporter-output>
          </reporter-output>
        </test-method> <!-- setup -->
        <test-method signature="register()[pri:1, instance:project.TutorialNinjas@1ca3b418]" started-at="2024-07-13T17:55:57 IST" name="register" finished-at="2024-07-13T17:56:30 IST" duration-ms="32972" status="PASS">
          <reporter-output>
          </reporter-output>
        </test-method> <!-- register -->
        <test-method signature="Logout()[pri:2, instance:project.TutorialNinjas@1ca3b418]" started-at="2024-07-13T17:56:30 IST" name="Logout" finished-at="2024-07-13T17:56:43 IST" duration-ms="12901" status="PASS">
          <reporter-output>
          </reporter-output>
        </test-method> <!-- Logout -->
        <test-method signature="Login()[pri:3, instance:project.TutorialNinjas@1ca3b418]" started-at="2024-07-13T17:56:43 IST" name="Login" finished-at="2024-07-13T17:56:50 IST" duration-ms="7400" status="PASS">
          <reporter-output>
          </reporter-output>
        </test-method> <!-- Login -->
        <test-method signature="Homepage()[pri:4, instance:project.TutorialNinjas@1ca3b418]" started-at="2024-07-13T17:56:50 IST" name="Homepage" finished-at="2024-07-13T17:56:51 IST" duration-ms="300" status="PASS">
          <reporter-output>
          </reporter-output>
        </test-method> <!-- Homepage -->
        <test-method signature="Search()[pri:5, instance:project.TutorialNinjas@1ca3b418]" started-at="2024-07-13T17:56:51 IST" name="Search" finished-at="2024-07-13T17:56:58 IST" duration-ms="7288" status="PASS">
          <reporter-output>
          </reporter-output>
        </test-method> <!-- Search -->
        <test-method is-config="true" signature="end()[pri:0, instance:project.TutorialNinjas@1ca3b418]" started-at="2024-07-13T17:56:58 IST" name="end" finished-at="2024-07-13T17:56:59 IST" duration-ms="949" status="PASS">
          <reporter-output>
          </reporter-output>
        </test-method> <!-- end -->
      </class> <!-- project.TutorialNinjas -->
    </test> <!-- Default test -->
  </suite> <!-- Default suite -->
</testng-results>
